yarn run v1.22.19
$ storybook build --output-dir /var/folders/9h/gnl_9x6535n7ffrtfl5t_5200000gn/T/chromatic--54351-3vZm2a5CuLA4
@storybook/cli v7.6.6

info => Cleaning outputDir: /var/folders/9h/gnl_9x6535n7ffrtfl5t_5200000gn/T/chromatic--54351-3vZm2a5CuLA4
info => Loading presets
info => Building manager..
info => Manager built (91 ms)
info => Building preview..
info => Copying static files: /Users/dylanfrancis/Desktop/Work/LunchAndLearn/taskbox/node_modules/@storybook/manager/static at /var/folders/9h/gnl_9x6535n7ffrtfl5t_5200000gn/T/chromatic--54351-3vZm2a5CuLA4/sb-common-assets
info => Copying static files: /Users/dylanfrancis/Desktop/Work/LunchAndLearn/taskbox/public at /var/folders/9h/gnl_9x6535n7ffrtfl5t_5200000gn/T/chromatic--54351-3vZm2a5CuLA4/
vite v4.5.1 building for production...
transforming...
✓ 858 modules transformed.
rendering chunks...
computing gzip size...
../../../../../../var/folders/9h/gnl_9x6535n7ffrtfl5t_5200000gn/T/chromatic--54351-3vZm2a5CuLA4/assets/direction-94a9917f.svg                    1.28 kB │ gzip:   0.71 kB
../../../../../../var/folders/9h/gnl_9x6535n7ffrtfl5t_5200000gn/T/chromatic--54351-3vZm2a5CuLA4/assets/flow-275142c6.svg                         1.39 kB │ gzip:   0.68 kB
../../../../../../var/folders/9h/gnl_9x6535n7ffrtfl5t_5200000gn/T/chromatic--54351-3vZm2a5CuLA4/assets/code-brackets-9ef6443e.svg                1.46 kB │ gzip:   0.69 kB
../../../../../../var/folders/9h/gnl_9x6535n7ffrtfl5t_5200000gn/T/chromatic--54351-3vZm2a5CuLA4/assets/comments-f15a6837.svg                     1.53 kB │ gzip:   0.70 kB
../../../../../../var/folders/9h/gnl_9x6535n7ffrtfl5t_5200000gn/T/chromatic--54351-3vZm2a5CuLA4/assets/repo-fb4ece47.svg                         1.64 kB │ gzip:   0.83 kB
../../../../../../var/folders/9h/gnl_9x6535n7ffrtfl5t_5200000gn/T/chromatic--54351-3vZm2a5CuLA4/assets/plugin-57148314.svg                       2.17 kB │ gzip:   0.98 kB
../../../../../../var/folders/9h/gnl_9x6535n7ffrtfl5t_5200000gn/T/chromatic--54351-3vZm2a5CuLA4/assets/stackalt-2ad81543.svg                     2.55 kB │ gzip:   1.09 kB
../../../../../../var/folders/9h/gnl_9x6535n7ffrtfl5t_5200000gn/T/chromatic--54351-3vZm2a5CuLA4/assets/colors-ac9401f3.svg                       8.51 kB │ gzip:   3.61 kB
../../../../../../var/folders/9h/gnl_9x6535n7ffrtfl5t_5200000gn/T/chromatic--54351-3vZm2a5CuLA4/iframe.html                                     12.97 kB │ gzip:   3.62 kB
../../../../../../var/folders/9h/gnl_9x6535n7ffrtfl5t_5200000gn/T/chromatic--54351-3vZm2a5CuLA4/assets/percolate-dac75269.ttf                   34.04 kB
../../../../../../var/folders/9h/gnl_9x6535n7ffrtfl5t_5200000gn/T/chromatic--54351-3vZm2a5CuLA4/assets/percolate-ec979d96.woff                  34.11 kB
../../../../../../var/folders/9h/gnl_9x6535n7ffrtfl5t_5200000gn/T/chromatic--54351-3vZm2a5CuLA4/assets/percolate-5ed633c2.eot                   34.21 kB
../../../../../../var/folders/9h/gnl_9x6535n7ffrtfl5t_5200000gn/T/chromatic--54351-3vZm2a5CuLA4/assets/percolate-d13fa91b.svg                  140.51 kB │ gzip:  47.50 kB
../../../../../../var/folders/9h/gnl_9x6535n7ffrtfl5t_5200000gn/T/chromatic--54351-3vZm2a5CuLA4/assets/Header-e719f21b.css                       0.43 kB │ gzip:   0.29 kB
../../../../../../var/folders/9h/gnl_9x6535n7ffrtfl5t_5200000gn/T/chromatic--54351-3vZm2a5CuLA4/assets/Button-bc1a867b.css                       0.52 kB │ gzip:   0.29 kB
../../../../../../var/folders/9h/gnl_9x6535n7ffrtfl5t_5200000gn/T/chromatic--54351-3vZm2a5CuLA4/assets/Page.stories-62652a55.css                 0.85 kB │ gzip:   0.38 kB
../../../../../../var/folders/9h/gnl_9x6535n7ffrtfl5t_5200000gn/T/chromatic--54351-3vZm2a5CuLA4/assets/preview-dd25d82c.css                      6.87 kB │ gzip:   2.06 kB
../../../../../../var/folders/9h/gnl_9x6535n7ffrtfl5t_5200000gn/T/chromatic--54351-3vZm2a5CuLA4/assets/index-9eea8125.js                         0.21 kB │ gzip:   0.17 kB
../../../../../../var/folders/9h/gnl_9x6535n7ffrtfl5t_5200000gn/T/chromatic--54351-3vZm2a5CuLA4/assets/_commonjs-dynamic-modules-302442b1.js     0.24 kB │ gzip:   0.19 kB
../../../../../../var/folders/9h/gnl_9x6535n7ffrtfl5t_5200000gn/T/chromatic--54351-3vZm2a5CuLA4/assets/WithTooltip-V3YHNWJZ-267c73c0.js          0.41 kB │ gzip:   0.24 kB
../../../../../../var/folders/9h/gnl_9x6535n7ffrtfl5t_5200000gn/T/chromatic--54351-3vZm2a5CuLA4/assets/syntaxhighlighter-V7JZZA35-ecf307ef.js    0.42 kB │ gzip:   0.26 kB
../../../../../../var/folders/9h/gnl_9x6535n7ffrtfl5t_5200000gn/T/chromatic--54351-3vZm2a5CuLA4/assets/index-a1cf9e47.js                         0.49 kB │ gzip:   0.31 kB
../../../../../../var/folders/9h/gnl_9x6535n7ffrtfl5t_5200000gn/T/chromatic--54351-3vZm2a5CuLA4/assets/preview-1843264d.js                       0.54 kB │ gzip:   0.33 kB
../../../../../../var/folders/9h/gnl_9x6535n7ffrtfl5t_5200000gn/T/chromatic--54351-3vZm2a5CuLA4/assets/react-18-988a5df2.js                      0.55 kB │ gzip:   0.34 kB
../../../../../../var/folders/9h/gnl_9x6535n7ffrtfl5t_5200000gn/T/chromatic--54351-3vZm2a5CuLA4/assets/preview-73104b77.js                       0.64 kB │ gzip:   0.44 kB
../../../../../../var/folders/9h/gnl_9x6535n7ffrtfl5t_5200000gn/T/chromatic--54351-3vZm2a5CuLA4/assets/_commonjsHelpers-de833af9.js              0.69 kB │ gzip:   0.38 kB
../../../../../../var/folders/9h/gnl_9x6535n7ffrtfl5t_5200000gn/T/chromatic--54351-3vZm2a5CuLA4/assets/index-356e4a49.js                         0.77 kB │ gzip:   0.47 kB
../../../../../../var/folders/9h/gnl_9x6535n7ffrtfl5t_5200000gn/T/chromatic--54351-3vZm2a5CuLA4/assets/index-8d47fad6.js                         0.80 kB │ gzip:   0.52 kB
../../../../../../var/folders/9h/gnl_9x6535n7ffrtfl5t_5200000gn/T/chromatic--54351-3vZm2a5CuLA4/assets/preview-0ef86afd.js                       0.86 kB │ gzip:   0.55 kB
../../../../../../var/folders/9h/gnl_9x6535n7ffrtfl5t_5200000gn/T/chromatic--54351-3vZm2a5CuLA4/assets/Header.stories-b545990c.js                0.87 kB │ gzip:   0.45 kB
../../../../../../var/folders/9h/gnl_9x6535n7ffrtfl5t_5200000gn/T/chromatic--54351-3vZm2a5CuLA4/assets/jsx-runtime-03b4ddbf.js                   0.97 kB │ gzip:   0.60 kB
../../../../../../var/folders/9h/gnl_9x6535n7ffrtfl5t_5200000gn/T/chromatic--54351-3vZm2a5CuLA4/assets/entry-preview-1f5c28fc.js                 1.15 kB │ gzip:   0.67 kB
../../../../../../var/folders/9h/gnl_9x6535n7ffrtfl5t_5200000gn/T/chromatic--54351-3vZm2a5CuLA4/assets/DocsRenderer-NNNQARDV-9e9b5f0d.js         1.30 kB │ gzip:   0.69 kB
../../../../../../var/folders/9h/gnl_9x6535n7ffrtfl5t_5200000gn/T/chromatic--54351-3vZm2a5CuLA4/assets/Button-651c4d71.js                        1.44 kB │ gzip:   0.66 kB
../../../../../../var/folders/9h/gnl_9x6535n7ffrtfl5t_5200000gn/T/chromatic--54351-3vZm2a5CuLA4/assets/Button.stories-84d05c92.js                1.49 kB │ gzip:   0.56 kB
../../../../../../var/folders/9h/gnl_9x6535n7ffrtfl5t_5200000gn/T/chromatic--54351-3vZm2a5CuLA4/assets/Header-9c001358.js                        1.65 kB │ gzip:   0.80 kB
../../../../../../var/folders/9h/gnl_9x6535n7ffrtfl5t_5200000gn/T/chromatic--54351-3vZm2a5CuLA4/assets/index-11d98b33.js                         2.59 kB │ gzip:   1.26 kB
../../../../../../var/folders/9h/gnl_9x6535n7ffrtfl5t_5200000gn/T/chromatic--54351-3vZm2a5CuLA4/assets/Task.stories-2cfbd09c.js                  2.80 kB │ gzip:   1.08 kB
../../../../../../var/folders/9h/gnl_9x6535n7ffrtfl5t_5200000gn/T/chromatic--54351-3vZm2a5CuLA4/assets/InboxScreen.stories-5b87046c.js           2.91 kB │ gzip:   1.17 kB
../../../../../../var/folders/9h/gnl_9x6535n7ffrtfl5t_5200000gn/T/chromatic--54351-3vZm2a5CuLA4/assets/preview-30b54f76.js                       3.21 kB │ gzip:   1.37 kB
../../../../../../var/folders/9h/gnl_9x6535n7ffrtfl5t_5200000gn/T/chromatic--54351-3vZm2a5CuLA4/assets/Page.stories-a509193e.js                  3.55 kB │ gzip:   1.56 kB
../../../../../../var/folders/9h/gnl_9x6535n7ffrtfl5t_5200000gn/T/chromatic--54351-3vZm2a5CuLA4/assets/preview-d01b88e8.js                       5.23 kB │ gzip:   2.39 kB
../../../../../../var/folders/9h/gnl_9x6535n7ffrtfl5t_5200000gn/T/chromatic--54351-3vZm2a5CuLA4/assets/Introduction-5de4cfee.js                  6.65 kB │ gzip:   2.20 kB
../../../../../../var/folders/9h/gnl_9x6535n7ffrtfl5t_5200000gn/T/chromatic--54351-3vZm2a5CuLA4/assets/iframe-78b6f2e9.js                        7.02 kB │ gzip:   1.92 kB
../../../../../../var/folders/9h/gnl_9x6535n7ffrtfl5t_5200000gn/T/chromatic--54351-3vZm2a5CuLA4/assets/index-76fb7be0.js                         7.16 kB │ gzip:   2.91 kB
../../../../../../var/folders/9h/gnl_9x6535n7ffrtfl5t_5200000gn/T/chromatic--54351-3vZm2a5CuLA4/assets/preview-da31036b.js                       7.62 kB │ gzip:   1.56 kB
../../../../../../var/folders/9h/gnl_9x6535n7ffrtfl5t_5200000gn/T/chromatic--54351-3vZm2a5CuLA4/assets/preview-c56bf6ac.js                       8.28 kB │ gzip:   3.16 kB
../../../../../../var/folders/9h/gnl_9x6535n7ffrtfl5t_5200000gn/T/chromatic--54351-3vZm2a5CuLA4/assets/index-03bbf7d1.js                        13.51 kB │ gzip:   5.05 kB
../../../../../../var/folders/9h/gnl_9x6535n7ffrtfl5t_5200000gn/T/chromatic--54351-3vZm2a5CuLA4/assets/Color-6VNJS4EI-71ecb0bc.js               17.58 kB │ gzip:   6.72 kB
../../../../../../var/folders/9h/gnl_9x6535n7ffrtfl5t_5200000gn/T/chromatic--54351-3vZm2a5CuLA4/assets/TaskList.stories-742d93b8.js             32.44 kB │ gzip:  12.09 kB
../../../../../../var/folders/9h/gnl_9x6535n7ffrtfl5t_5200000gn/T/chromatic--54351-3vZm2a5CuLA4/assets/preview-f9e76507.js                      34.23 kB │ gzip:  13.36 kB
../../../../../../var/folders/9h/gnl_9x6535n7ffrtfl5t_5200000gn/T/chromatic--54351-3vZm2a5CuLA4/assets/preview-21802b0a.js                      72.07 kB │ gzip:  24.33 kB
../../../../../../var/folders/9h/gnl_9x6535n7ffrtfl5t_5200000gn/T/chromatic--54351-3vZm2a5CuLA4/assets/index-8fd8397b.js                        78.40 kB │ gzip:  23.41 kB
../../../../../../var/folders/9h/gnl_9x6535n7ffrtfl5t_5200000gn/T/chromatic--54351-3vZm2a5CuLA4/assets/index-d3ea75b5.js                       134.07 kB │ gzip:  43.20 kB
../../../../../../var/folders/9h/gnl_9x6535n7ffrtfl5t_5200000gn/T/chromatic--54351-3vZm2a5CuLA4/assets/entry-preview-docs-b427957a.js          212.40 kB │ gzip:  65.84 kB
../../../../../../var/folders/9h/gnl_9x6535n7ffrtfl5t_5200000gn/T/chromatic--54351-3vZm2a5CuLA4/assets/index-03d05a58.js                       375.25 kB │ gzip: 115.55 kB
../../../../../../var/folders/9h/gnl_9x6535n7ffrtfl5t_5200000gn/T/chromatic--54351-3vZm2a5CuLA4/assets/index-f91c5475.js                       536.51 kB │ gzip: 174.70 kB
../../../../../../var/folders/9h/gnl_9x6535n7ffrtfl5t_5200000gn/T/chromatic--54351-3vZm2a5CuLA4/assets/index-02850062.js                       559.56 kB │ gzip: 147.63 kB
../../../../../../var/folders/9h/gnl_9x6535n7ffrtfl5t_5200000gn/T/chromatic--54351-3vZm2a5CuLA4/assets/formatter-SWP5E3XI-706be732.js          601.61 kB │ gzip: 185.03 kB
✓ built in 6.19s
info => Preview built (6.83 s)
info => Output directory: /var/folders/9h/gnl_9x6535n7ffrtfl5t_5200000gn/T/chromatic--54351-3vZm2a5CuLA4
Done in 8.48s.
